<?xml version="1.0" encoding="utf-8"?><testsuites><testsuite name="pytest" errors="0" failures="0" skipped="0" tests="5" time="0.675" timestamp="2025-04-03T21:48:08.860623-04:00" hostname="Mac"><testcase classname="src.components.ai_conversation_client.tests.test_interface.TestAIConversationClient" name="test_attach_file_contract" time="0.004" /><testcase classname="src.components.ai_conversation_client.tests.test_interface.TestAIConversationClient" name="test_send_message_contract" time="0.004" /><testcase classname="src.components.ai_conversation_client.tests.test_interface.TestAIConversationClient" name="test_switch_model_contract" time="0.003" /><testcase classname="src.components.ai_conversation_client.tests.test_interface.TestAIConversationClient" name="test_list_available_models_contract" time="0.003" /><testcase classname="src.components.ai_conversation_client.tests.test_interface.TestAIConversationClient" name="test_get_usage_metrics_contract" time="0.005" /></testsuite></testsuites>