<?xml version="1.0" encoding="utf-8"?><testsuites><testsuite name="pytest" errors="0" failures="0" skipped="0" tests="5" time="0.058" timestamp="2025-04-03T21:34:32.516756-04:00" hostname="Bhanus-MacBook-Pro.local"><testcase classname="src.components.ai_conversation_client.tests.test_interface.TestAIConversationClient" name="test_send_message_contract" time="0.002" /><testcase classname="src.components.ai_conversation_client.tests.test_interface.TestAIConversationClient" name="test_list_available_models_contract" time="0.001" /><testcase classname="src.components.ai_conversation_client.tests.test_interface.TestAIConversationClient" name="test_switch_model_contract" time="0.001" /><testcase classname="src.components.ai_conversation_client.tests.test_interface.TestAIConversationClient" name="test_attach_file_contract" time="0.001" /><testcase classname="src.components.ai_conversation_client.tests.test_interface.TestAIConversationClient" name="test_get_usage_metrics_contract" time="0.001" /></testsuite></testsuites>