<?xml version="1.0" encoding="utf-8"?><testsuites><testsuite name="pytest" errors="0" failures="0" skipped="0" tests="10" time="3.446" timestamp="2025-04-20T15:31:00.604230-04:00" hostname="Rhuthvik"><testcase classname="src.components.ai_conversation_client.tests.test_interface" name="test_summarize_conversation_contract" time="0.040" /><testcase classname="src.components.ai_conversation_client.tests.test_interface" name="test_start_new_session_contract" time="0.042" /><testcase classname="src.components.ai_conversation_client.tests.test_interface" name="test_end_session_contract" time="0.045" /><testcase classname="src.components.ai_conversation_client.tests.test_interface" name="test_get_usage_metrics_contract" time="0.049" /><testcase classname="src.components.ai_conversation_client.tests.test_interface" name="test_export_chat_history_contract" time="0.050" /><testcase classname="src.components.ai_conversation_client.tests.test_interface" name="test_switch_model_contract" time="0.048" /><testcase classname="src.components.ai_conversation_client.tests.test_interface" name="test_send_message_contract" time="0.048" /><testcase classname="src.components.ai_conversation_client.tests.test_interface" name="test_list_available_models_contract" time="0.051" /><testcase classname="src.components.ai_conversation_client.tests.test_interface" name="test_get_chat_history_contract" time="0.044" /><testcase classname="src.components.ai_conversation_client.tests.test_interface" name="test_attach_file_contract" time="0.046" /></testsuite></testsuites>